[     151ms] [LOG] Captured in Vue.config.errorHandler: created hook TypeError: Cannot read properties of null (reading 'split')
    at s.route (https://soramame.env.go.jp/js/app.c4669626.js:3:463318)
    at nr.get (https://soramame.env.go.jp/js/chunk-vendors.7d978410.js:13:30684)
    at nr.evaluate (https://soramame.env.go.jp/js/chunk-vendors.7d978410.js:13:31685)
    at s.route (https://soramame.env.go.jp/js/chunk-vendors.7d978410.js:13:33378)
    at https://soramame.env.go.jp/js/app.c4669626.js:3:463423
    at Array.filter (<anonymous>)
    at s.pageInfo (https://soramame.env.go.jp/js/app.c4669626.js:3:463384)
    at nr.get (https://soramame.env.go.jp/js/chunk-vendors.7d978410.js:13:30684)
    at nr.evaluate (https://soramame.env.go.jp/js/chunk-vendors.7d978410.js:13:31685)
    at s.pageInfo (https://soramame.env.go.jp/js/chunk-vendors.7d978410.js:13:33378)
    at s.pageInfoName (https://soramame.env.go.jp/js/app.c4669626.js:3:463499)
    at nr.get (https://soramame.env.go.jp/js/chunk-vendors.7d978410.js:13:30684)
    at nr.evaluate (https://soramame.env.go.jp/js/chunk-vendors.7d978410.js:13:31685)
    at s.pageInfoName (https://soramame.env.go.jp/js/chunk-vendors.7d978410.js:13:33378)
    at s.created (https://soramame.env.go.jp/js/app.c4669626.js:3:463833)
    at ne (https://soramame.env.go.jp/js/chunk-vendors.7d978410.js:13:11677) @ https://soramame.env.go.jp/js/app.c4669626.js:2
[     155ms] [LOG] Captured in Vue.config.errorHandler: mounted hook TypeError: Cannot read properties of null (reading 'split')
    at s.route (https://soramame.env.go.jp/js/app.c4669626.js:3:463318)
    at nr.get (https://soramame.env.go.jp/js/chunk-vendors.7d978410.js:13:30684)
    at nr.evaluate (https://soramame.env.go.jp/js/chunk-vendors.7d978410.js:13:31685)
    at s.route (https://soramame.env.go.jp/js/chunk-vendors.7d978410.js:13:33378)
    at s.meta (https://soramame.env.go.jp/js/app.c4669626.js:3:464540)
    at https://soramame.env.go.jp/js/chunk-vendors.7d978410.js:34:176225
    at Array.forEach (<anonymous>)
    at s.i (https://soramame.env.go.jp/js/chunk-vendors.7d978410.js:34:176147)
    at s.mounted (https://soramame.env.go.jp/js/chunk-vendors.7d978410.js:34:176707)
    at ne (https://soramame.env.go.jp/js/chunk-vendors.7d978410.js:13:11677)
    at Hn (https://soramame.env.go.jp/js/chunk-vendors.7d978410.js:13:29145)
    at Object.insert (https://soramame.env.go.jp/js/chunk-vendors.7d978410.js:13:20796)
    at O (https://soramame.env.go.jp/js/chunk-vendors.7d978410.js:13:47562)
    at Er.__patch__ (https://soramame.env.go.jp/js/chunk-vendors.7d978410.js:13:48878)
    at Pn.t._update (https://soramame.env.go.jp/js/chunk-vendors.7d978410.js:13:27008)
    at Er.r (https://soramame.env.go.jp/js/chunk-vendors.7d978410.js:13:27814) @ https://soramame.env.go.jp/js/app.c4669626.js:2
