[     842ms] [ERROR] Failed to load resource: the server responded with a status of 404 () @ https://www.health.nsw.gov.au/environment/air/Pages/aqi.aspx:0
[     842ms] [ERROR] The Content-Security-Policy directive 'frame-ancestors' does not support the source expression '"cdn.advancedforms.squiz.cloud"' @ https://www.health.nsw.gov.au/environment/air/Pages/aqi.aspx:0
[     842ms] [ERROR] The Content-Security-Policy directive 'frame-ancestors' does not support the source expression '"https://hss.advancedforms.squiz.cloud"' @ https://www.health.nsw.gov.au/environment/air/Pages/aqi.aspx:0
[     842ms] [ERROR] The Content-Security-Policy directive 'frame-ancestors' does not support the source expression '"https://hss.advancedforms.squiz.cloud/form/moh-hp-bcg-vac"' @ https://www.health.nsw.gov.au/environment/air/Pages/aqi.aspx:0
[    1165ms] [ERROR] The Content-Security-Policy directive 'frame-ancestors' does not support the source expression '"cdn.advancedforms.squiz.cloud"' @ https://www.health.nsw.gov.au/pages/site-page-not-found.aspx?requestUrl=https://www.health.nsw.gov.au/environment/air/Pages/aqi.aspx:0
[    1166ms] [ERROR] The Content-Security-Policy directive 'frame-ancestors' does not support the source expression '"https://hss.advancedforms.squiz.cloud"' @ https://www.health.nsw.gov.au/pages/site-page-not-found.aspx?requestUrl=https://www.health.nsw.gov.au/environment/air/Pages/aqi.aspx:0
[    1166ms] [ERROR] The Content-Security-Policy directive 'frame-ancestors' does not support the source expression '"https://hss.advancedforms.squiz.cloud/form/moh-hp-bcg-vac"' @ https://www.health.nsw.gov.au/pages/site-page-not-found.aspx?requestUrl=https://www.health.nsw.gov.au/environment/air/Pages/aqi.aspx:0
[    2089ms] [LOG] Top navigation count:18 @ https://www.health.nsw.gov.au/pages/site-page-not-found.aspx?requestUrl=https://www.health.nsw.gov.au/environment/air/Pages/aqi.aspx:1215
[    2089ms] [LOG] 0 @ https://www.health.nsw.gov.au/pages/site-page-not-found.aspx?requestUrl=https://www.health.nsw.gov.au/environment/air/Pages/aqi.aspx:1217
[    2090ms] [LOG] 1 @ https://www.health.nsw.gov.au/pages/site-page-not-found.aspx?requestUrl=https://www.health.nsw.gov.au/environment/air/Pages/aqi.aspx:1217
[    2090ms] [LOG] 2 @ https://www.health.nsw.gov.au/pages/site-page-not-found.aspx?requestUrl=https://www.health.nsw.gov.au/environment/air/Pages/aqi.aspx:1217
[    2090ms] [LOG] 3 @ https://www.health.nsw.gov.au/pages/site-page-not-found.aspx?requestUrl=https://www.health.nsw.gov.au/environment/air/Pages/aqi.aspx:1217
[    2090ms] [LOG] 4 @ https://www.health.nsw.gov.au/pages/site-page-not-found.aspx?requestUrl=https://www.health.nsw.gov.au/environment/air/Pages/aqi.aspx:1217
[    2090ms] [LOG] 5 @ https://www.health.nsw.gov.au/pages/site-page-not-found.aspx?requestUrl=https://www.health.nsw.gov.au/environment/air/Pages/aqi.aspx:1217
[    2090ms] [LOG] 6 @ https://www.health.nsw.gov.au/pages/site-page-not-found.aspx?requestUrl=https://www.health.nsw.gov.au/environment/air/Pages/aqi.aspx:1217
[    2090ms] [LOG] 7 @ https://www.health.nsw.gov.au/pages/site-page-not-found.aspx?requestUrl=https://www.health.nsw.gov.au/environment/air/Pages/aqi.aspx:1217
[    2091ms] [LOG] 8 @ https://www.health.nsw.gov.au/pages/site-page-not-found.aspx?requestUrl=https://www.health.nsw.gov.au/environment/air/Pages/aqi.aspx:1217
[    2091ms] [LOG] google search input not found @ https://www.health.nsw.gov.au/pages/site-page-not-found.aspx?requestUrl=https://www.health.nsw.gov.au/environment/air/Pages/aqi.aspx:1300
[    2091ms] [LOG] Updating Footer Links6 @ https://www.health.nsw.gov.au/pages/site-page-not-found.aspx?requestUrl=https://www.health.nsw.gov.au/environment/air/Pages/aqi.aspx:1307
[    2092ms] [LOG] <h6>Patients and public</h6> @ https://www.health.nsw.gov.au/pages/site-page-not-found.aspx?requestUrl=https://www.health.nsw.gov.au/environment/air/Pages/aqi.aspx:1312
[    2092ms] [LOG] <h2>Patients and public</h2> @ https://www.health.nsw.gov.au/pages/site-page-not-found.aspx?requestUrl=https://www.health.nsw.gov.au/environment/air/Pages/aqi.aspx:1314
[    2092ms] [LOG] <h6>NSW Health</h6> @ https://www.health.nsw.gov.au/pages/site-page-not-found.aspx?requestUrl=https://www.health.nsw.gov.au/environment/air/Pages/aqi.aspx:1312
[    2092ms] [LOG] <h2>NSW Health</h2> @ https://www.health.nsw.gov.au/pages/site-page-not-found.aspx?requestUrl=https://www.health.nsw.gov.au/environment/air/Pages/aqi.aspx:1314
[    2092ms] [LOG] <h6>Publications</h6> @ https://www.health.nsw.gov.au/pages/site-page-not-found.aspx?requestUrl=https://www.health.nsw.gov.au/environment/air/Pages/aqi.aspx:1312
[    2092ms] [LOG] <h2>Publications</h2> @ https://www.health.nsw.gov.au/pages/site-page-not-found.aspx?requestUrl=https://www.health.nsw.gov.au/environment/air/Pages/aqi.aspx:1314
[    2092ms] [LOG] <h6>Popular links</h6> @ https://www.health.nsw.gov.au/pages/site-page-not-found.aspx?requestUrl=https://www.health.nsw.gov.au/environment/air/Pages/aqi.aspx:1312
[    2092ms] [LOG] <h2>Popular links</h2> @ https://www.health.nsw.gov.au/pages/site-page-not-found.aspx?requestUrl=https://www.health.nsw.gov.au/environment/air/Pages/aqi.aspx:1314
[    2093ms] [LOG] <h6>Careers</h6> @ https://www.health.nsw.gov.au/pages/site-page-not-found.aspx?requestUrl=https://www.health.nsw.gov.au/environment/air/Pages/aqi.aspx:1312
[    2093ms] [LOG] <h2>Careers</h2> @ https://www.health.nsw.gov.au/pages/site-page-not-found.aspx?requestUrl=https://www.health.nsw.gov.au/environment/air/Pages/aqi.aspx:1314
[    2093ms] [LOG] <h6>Campaigns</h6> @ https://www.health.nsw.gov.au/pages/site-page-not-found.aspx?requestUrl=https://www.health.nsw.gov.au/environment/air/Pages/aqi.aspx:1312
[    2093ms] [LOG] <h2>Campaigns</h2> @ https://www.health.nsw.gov.au/pages/site-page-not-found.aspx?requestUrl=https://www.health.nsw.gov.au/environment/air/Pages/aqi.aspx:1314
[    3092ms] [LOG] google search input found @ https://www.health.nsw.gov.au/pages/site-page-not-found.aspx?requestUrl=https://www.health.nsw.gov.au/environment/air/Pages/aqi.aspx:1295
[    4657ms] [ERROR] The Content-Security-Policy directive 'frame-ancestors' does not support the source expression '"cdn.advancedforms.squiz.cloud"' @ https://ep2.adtrafficquality.google/sodar/sodar2.js:30
[    4657ms] [ERROR] The Content-Security-Policy directive 'frame-ancestors' does not support the source expression '"https://hss.advancedforms.squiz.cloud"' @ https://ep2.adtrafficquality.google/sodar/sodar2.js:30
[    4657ms] [ERROR] The Content-Security-Policy directive 'frame-ancestors' does not support the source expression '"https://hss.advancedforms.squiz.cloud/form/moh-hp-bcg-vac"' @ https://ep2.adtrafficquality.google/sodar/sodar2.js:30
