Starting autoresearch: 30 iterations to optimize ensemble weights for 72h
Baseline RMSE: 21.307

=== Iteration 1/30 ===
Traceback (most recent call last):
  File "<stdin>", line 3, in <module>
ModuleNotFoundError: No module named 'ensemble_config'
fatal: pathspec 'scripts/ensemble_config.py' did not match any files
Author identity unknown

*** Please tell me who you are.

Run

  git config --global user.email "you@example.com"
  git config --global user.name "Your Name"

to set your account's default identity.
Omit --global to set the identity only in this repository.

fatal: unable to auto-detect email address (got 'uno@amd.(none)')
  ❌ Metric evaluation failed
usage: git revert [--[no-]edit] [-n] [-m <parent-number>] [-s] [-S[<keyid>]] <commit>...
   or: git revert (--continue | --skip | --abort | --quit)

    --quit                end revert or cherry-pick sequence
    --continue            resume revert or cherry-pick sequence
    --abort               cancel revert or cherry-pick sequence
    --skip                skip current commit and continue
    --[no-]cleanup <mode> how to strip spaces and #comments from message
    -n, --no-commit       don't automatically commit
    --commit              opposite of --no-commit
    -e, --[no-]edit       edit the commit message
    -s, --[no-]signoff    add a Signed-off-by trailer
    -m, --[no-]mainline <parent-number>
                          select mainline parent
    --[no-]rerere-autoupdate
                          update the index with reused conflict resolution if possible
    --[no-]strategy <strategy>
                          merge strategy
    -X, --[no-]strategy-option <option>
                          option for merge strategy
    -S, --[no-]gpg-sign[=<key-id>]
                          GPG sign commit
    --[no-]reference      use the 'reference' format to refer to commits

=== Iteration 2/30 ===
Last 3 commits:
618c466 Fix face mask apparatus images
0ede02e Rebuild site: add research archive, hardware notes, turbidostat, and favicon
a7539d6 Add OCuLink eGPU home lab post and gallery images
sed: can't read scripts/ensemble_config.py: No such file or directory
sed: can't read scripts/ensemble_config.py: No such file or directory
sed: can't read scripts/ensemble_config.py: No such file or directory
fatal: pathspec 'scripts/ensemble_config.py' did not match any files
Author identity unknown

*** Please tell me who you are.

Run

  git config --global user.email "you@example.com"
  git config --global user.name "Your Name"

to set your account's default identity.
Omit --global to set the identity only in this repository.

fatal: unable to auto-detect email address (got 'uno@amd.(none)')
  ❌ Metric evaluation failed
usage: git revert [--[no-]edit] [-n] [-m <parent-number>] [-s] [-S[<keyid>]] <commit>...
   or: git revert (--continue | --skip | --abort | --quit)

    --quit                end revert or cherry-pick sequence
    --continue            resume revert or cherry-pick sequence
    --abort               cancel revert or cherry-pick sequence
    --skip                skip current commit and continue
    --[no-]cleanup <mode> how to strip spaces and #comments from message
    -n, --no-commit       don't automatically commit
    --commit              opposite of --no-commit
    -e, --[no-]edit       edit the commit message
    -s, --[no-]signoff    add a Signed-off-by trailer
    -m, --[no-]mainline <parent-number>
                          select mainline parent
    --[no-]rerere-autoupdate
                          update the index with reused conflict resolution if possible
    --[no-]strategy <strategy>
                          merge strategy
    -X, --[no-]strategy-option <option>
                          option for merge strategy
    -S, --[no-]gpg-sign[=<key-id>]
                          GPG sign commit
    --[no-]reference      use the 'reference' format to refer to commits

=== Iteration 3/30 ===
Last 3 commits:
618c466 Fix face mask apparatus images
0ede02e Rebuild site: add research archive, hardware notes, turbidostat, and favicon
a7539d6 Add OCuLink eGPU home lab post and gallery images
sed: can't read scripts/ensemble_config.py: No such file or directory
sed: can't read scripts/ensemble_config.py: No such file or directory
sed: can't read scripts/ensemble_config.py: No such file or directory
fatal: pathspec 'scripts/ensemble_config.py' did not match any files
Author identity unknown

*** Please tell me who you are.

Run

  git config --global user.email "you@example.com"
  git config --global user.name "Your Name"

to set your account's default identity.
Omit --global to set the identity only in this repository.

fatal: unable to auto-detect email address (got 'uno@amd.(none)')
  ❌ Metric evaluation failed
usage: git revert [--[no-]edit] [-n] [-m <parent-number>] [-s] [-S[<keyid>]] <commit>...
   or: git revert (--continue | --skip | --abort | --quit)

    --quit                end revert or cherry-pick sequence
    --continue            resume revert or cherry-pick sequence
    --abort               cancel revert or cherry-pick sequence
    --skip                skip current commit and continue
    --[no-]cleanup <mode> how to strip spaces and #comments from message
    -n, --no-commit       don't automatically commit
    --commit              opposite of --no-commit
    -e, --[no-]edit       edit the commit message
    -s, --[no-]signoff    add a Signed-off-by trailer
    -m, --[no-]mainline <parent-number>
                          select mainline parent
    --[no-]rerere-autoupdate
                          update the index with reused conflict resolution if possible
    --[no-]strategy <strategy>
                          merge strategy
    -X, --[no-]strategy-option <option>
                          option for merge strategy
    -S, --[no-]gpg-sign[=<key-id>]
                          GPG sign commit
    --[no-]reference      use the 'reference' format to refer to commits

=== Iteration 4/30 ===
Last 3 commits:
618c466 Fix face mask apparatus images
0ede02e Rebuild site: add research archive, hardware notes, turbidostat, and favicon
a7539d6 Add OCuLink eGPU home lab post and gallery images
sed: can't read scripts/ensemble_config.py: No such file or directory
sed: can't read scripts/ensemble_config.py: No such file or directory
sed: can't read scripts/ensemble_config.py: No such file or directory
fatal: pathspec 'scripts/ensemble_config.py' did not match any files
Author identity unknown

*** Please tell me who you are.

Run

  git config --global user.email "you@example.com"
  git config --global user.name "Your Name"

to set your account's default identity.
Omit --global to set the identity only in this repository.

fatal: unable to auto-detect email address (got 'uno@amd.(none)')
  ❌ Metric evaluation failed
usage: git revert [--[no-]edit] [-n] [-m <parent-number>] [-s] [-S[<keyid>]] <commit>...
   or: git revert (--continue | --skip | --abort | --quit)

    --quit                end revert or cherry-pick sequence
    --continue            resume revert or cherry-pick sequence
    --abort               cancel revert or cherry-pick sequence
    --skip                skip current commit and continue
    --[no-]cleanup <mode> how to strip spaces and #comments from message
    -n, --no-commit       don't automatically commit
    --commit              opposite of --no-commit
    -e, --[no-]edit       edit the commit message
    -s, --[no-]signoff    add a Signed-off-by trailer
    -m, --[no-]mainline <parent-number>
                          select mainline parent
    --[no-]rerere-autoupdate
                          update the index with reused conflict resolution if possible
    --[no-]strategy <strategy>
                          merge strategy
    -X, --[no-]strategy-option <option>
                          option for merge strategy
    -S, --[no-]gpg-sign[=<key-id>]
                          GPG sign commit
    --[no-]reference      use the 'reference' format to refer to commits

=== Iteration 5/30 ===
Last 3 commits:
618c466 Fix face mask apparatus images
0ede02e Rebuild site: add research archive, hardware notes, turbidostat, and favicon
a7539d6 Add OCuLink eGPU home lab post and gallery images
sed: can't read scripts/ensemble_config.py: No such file or directory
sed: can't read scripts/ensemble_config.py: No such file or directory
sed: can't read scripts/ensemble_config.py: No such file or directory
fatal: pathspec 'scripts/ensemble_config.py' did not match any files
Author identity unknown

*** Please tell me who you are.

Run

  git config --global user.email "you@example.com"
  git config --global user.name "Your Name"

to set your account's default identity.
Omit --global to set the identity only in this repository.

fatal: unable to auto-detect email address (got 'uno@amd.(none)')
  ❌ Metric evaluation failed
usage: git revert [--[no-]edit] [-n] [-m <parent-number>] [-s] [-S[<keyid>]] <commit>...
   or: git revert (--continue | --skip | --abort | --quit)

    --quit                end revert or cherry-pick sequence
    --continue            resume revert or cherry-pick sequence
    --abort               cancel revert or cherry-pick sequence
    --skip                skip current commit and continue
    --[no-]cleanup <mode> how to strip spaces and #comments from message
    -n, --no-commit       don't automatically commit
    --commit              opposite of --no-commit
    -e, --[no-]edit       edit the commit message
    -s, --[no-]signoff    add a Signed-off-by trailer
    -m, --[no-]mainline <parent-number>
                          select mainline parent
    --[no-]rerere-autoupdate
                          update the index with reused conflict resolution if possible
    --[no-]strategy <strategy>
                          merge strategy
    -X, --[no-]strategy-option <option>
                          option for merge strategy
    -S, --[no-]gpg-sign[=<key-id>]
                          GPG sign commit
    --[no-]reference      use the 'reference' format to refer to commits

=== Iteration 6/30 ===
Last 3 commits:
618c466 Fix face mask apparatus images
0ede02e Rebuild site: add research archive, hardware notes, turbidostat, and favicon
a7539d6 Add OCuLink eGPU home lab post and gallery images
sed: can't read scripts/ensemble_config.py: No such file or directory
sed: can't read scripts/ensemble_config.py: No such file or directory
sed: can't read scripts/ensemble_config.py: No such file or directory
fatal: pathspec 'scripts/ensemble_config.py' did not match any files
Author identity unknown

*** Please tell me who you are.

Run

  git config --global user.email "you@example.com"
  git config --global user.name "Your Name"

to set your account's default identity.
Omit --global to set the identity only in this repository.

fatal: unable to auto-detect email address (got 'uno@amd.(none)')
  ❌ Metric evaluation failed
usage: git revert [--[no-]edit] [-n] [-m <parent-number>] [-s] [-S[<keyid>]] <commit>...
   or: git revert (--continue | --skip | --abort | --quit)

    --quit                end revert or cherry-pick sequence
    --continue            resume revert or cherry-pick sequence
    --abort               cancel revert or cherry-pick sequence
    --skip                skip current commit and continue
    --[no-]cleanup <mode> how to strip spaces and #comments from message
    -n, --no-commit       don't automatically commit
    --commit              opposite of --no-commit
    -e, --[no-]edit       edit the commit message
    -s, --[no-]signoff    add a Signed-off-by trailer
    -m, --[no-]mainline <parent-number>
                          select mainline parent
    --[no-]rerere-autoupdate
                          update the index with reused conflict resolution if possible
    --[no-]strategy <strategy>
                          merge strategy
    -X, --[no-]strategy-option <option>
                          option for merge strategy
    -S, --[no-]gpg-sign[=<key-id>]
                          GPG sign commit
    --[no-]reference      use the 'reference' format to refer to commits

=== Iteration 7/30 ===
Last 3 commits:
618c466 Fix face mask apparatus images
0ede02e Rebuild site: add research archive, hardware notes, turbidostat, and favicon
a7539d6 Add OCuLink eGPU home lab post and gallery images
Traceback (most recent call last):
  File "<stdin>", line 3, in <module>
ModuleNotFoundError: No module named 'ensemble_config'
fatal: pathspec 'scripts/ensemble_config.py' did not match any files
Author identity unknown

*** Please tell me who you are.

Run

  git config --global user.email "you@example.com"
  git config --global user.name "Your Name"

to set your account's default identity.
Omit --global to set the identity only in this repository.

fatal: unable to auto-detect email address (got 'uno@amd.(none)')
  ❌ Metric evaluation failed
usage: git revert [--[no-]edit] [-n] [-m <parent-number>] [-s] [-S[<keyid>]] <commit>...
   or: git revert (--continue | --skip | --abort | --quit)

    --quit                end revert or cherry-pick sequence
    --continue            resume revert or cherry-pick sequence
    --abort               cancel revert or cherry-pick sequence
    --skip                skip current commit and continue
    --[no-]cleanup <mode> how to strip spaces and #comments from message
    -n, --no-commit       don't automatically commit
    --commit              opposite of --no-commit
    -e, --[no-]edit       edit the commit message
    -s, --[no-]signoff    add a Signed-off-by trailer
    -m, --[no-]mainline <parent-number>
                          select mainline parent
    --[no-]rerere-autoupdate
                          update the index with reused conflict resolution if possible
    --[no-]strategy <strategy>
                          merge strategy
    -X, --[no-]strategy-option <option>
                          option for merge strategy
    -S, --[no-]gpg-sign[=<key-id>]
                          GPG sign commit
    --[no-]reference      use the 'reference' format to refer to commits

=== Iteration 8/30 ===
Last 3 commits:
618c466 Fix face mask apparatus images
0ede02e Rebuild site: add research archive, hardware notes, turbidostat, and favicon
a7539d6 Add OCuLink eGPU home lab post and gallery images
sed: can't read scripts/ensemble_config.py: No such file or directory
sed: can't read scripts/ensemble_config.py: No such file or directory
sed: can't read scripts/ensemble_config.py: No such file or directory
fatal: pathspec 'scripts/ensemble_config.py' did not match any files
Author identity unknown

*** Please tell me who you are.

Run

  git config --global user.email "you@example.com"
  git config --global user.name "Your Name"

to set your account's default identity.
Omit --global to set the identity only in this repository.

fatal: unable to auto-detect email address (got 'uno@amd.(none)')
  ❌ Metric evaluation failed
usage: git revert [--[no-]edit] [-n] [-m <parent-number>] [-s] [-S[<keyid>]] <commit>...
   or: git revert (--continue | --skip | --abort | --quit)

    --quit                end revert or cherry-pick sequence
    --continue            resume revert or cherry-pick sequence
    --abort               cancel revert or cherry-pick sequence
    --skip                skip current commit and continue
    --[no-]cleanup <mode> how to strip spaces and #comments from message
    -n, --no-commit       don't automatically commit
    --commit              opposite of --no-commit
    -e, --[no-]edit       edit the commit message
    -s, --[no-]signoff    add a Signed-off-by trailer
    -m, --[no-]mainline <parent-number>
                          select mainline parent
    --[no-]rerere-autoupdate
                          update the index with reused conflict resolution if possible
    --[no-]strategy <strategy>
                          merge strategy
    -X, --[no-]strategy-option <option>
                          option for merge strategy
    -S, --[no-]gpg-sign[=<key-id>]
                          GPG sign commit
    --[no-]reference      use the 'reference' format to refer to commits

=== Iteration 9/30 ===
Last 3 commits:
618c466 Fix face mask apparatus images
0ede02e Rebuild site: add research archive, hardware notes, turbidostat, and favicon
a7539d6 Add OCuLink eGPU home lab post and gallery images
sed: can't read scripts/ensemble_config.py: No such file or directory
sed: can't read scripts/ensemble_config.py: No such file or directory
sed: can't read scripts/ensemble_config.py: No such file or directory
fatal: pathspec 'scripts/ensemble_config.py' did not match any files
Author identity unknown

*** Please tell me who you are.

Run

  git config --global user.email "you@example.com"
  git config --global user.name "Your Name"

to set your account's default identity.
Omit --global to set the identity only in this repository.

fatal: unable to auto-detect email address (got 'uno@amd.(none)')
  ❌ Metric evaluation failed
usage: git revert [--[no-]edit] [-n] [-m <parent-number>] [-s] [-S[<keyid>]] <commit>...
   or: git revert (--continue | --skip | --abort | --quit)

    --quit                end revert or cherry-pick sequence
    --continue            resume revert or cherry-pick sequence
    --abort               cancel revert or cherry-pick sequence
    --skip                skip current commit and continue
    --[no-]cleanup <mode> how to strip spaces and #comments from message
    -n, --no-commit       don't automatically commit
    --commit              opposite of --no-commit
    -e, --[no-]edit       edit the commit message
    -s, --[no-]signoff    add a Signed-off-by trailer
    -m, --[no-]mainline <parent-number>
                          select mainline parent
    --[no-]rerere-autoupdate
                          update the index with reused conflict resolution if possible
    --[no-]strategy <strategy>
                          merge strategy
    -X, --[no-]strategy-option <option>
                          option for merge strategy
    -S, --[no-]gpg-sign[=<key-id>]
                          GPG sign commit
    --[no-]reference      use the 'reference' format to refer to commits

=== Iteration 10/30 ===
Last 3 commits:
618c466 Fix face mask apparatus images
0ede02e Rebuild site: add research archive, hardware notes, turbidostat, and favicon
a7539d6 Add OCuLink eGPU home lab post and gallery images
sed: can't read scripts/ensemble_config.py: No such file or directory
sed: can't read scripts/ensemble_config.py: No such file or directory
sed: can't read scripts/ensemble_config.py: No such file or directory
fatal: pathspec 'scripts/ensemble_config.py' did not match any files
Author identity unknown

*** Please tell me who you are.

Run

  git config --global user.email "you@example.com"
  git config --global user.name "Your Name"

to set your account's default identity.
Omit --global to set the identity only in this repository.

fatal: unable to auto-detect email address (got 'uno@amd.(none)')
  ❌ Metric evaluation failed
usage: git revert [--[no-]edit] [-n] [-m <parent-number>] [-s] [-S[<keyid>]] <commit>...
   or: git revert (--continue | --skip | --abort | --quit)

    --quit                end revert or cherry-pick sequence
    --continue            resume revert or cherry-pick sequence
    --abort               cancel revert or cherry-pick sequence
    --skip                skip current commit and continue
    --[no-]cleanup <mode> how to strip spaces and #comments from message
    -n, --no-commit       don't automatically commit
    --commit              opposite of --no-commit
    -e, --[no-]edit       edit the commit message
    -s, --[no-]signoff    add a Signed-off-by trailer
    -m, --[no-]mainline <parent-number>
                          select mainline parent
    --[no-]rerere-autoupdate
                          update the index with reused conflict resolution if possible
    --[no-]strategy <strategy>
                          merge strategy
    -X, --[no-]strategy-option <option>
                          option for merge strategy
    -S, --[no-]gpg-sign[=<key-id>]
                          GPG sign commit
    --[no-]reference      use the 'reference' format to refer to commits

=== Iteration 11/30 ===
Last 3 commits:
618c466 Fix face mask apparatus images
0ede02e Rebuild site: add research archive, hardware notes, turbidostat, and favicon
a7539d6 Add OCuLink eGPU home lab post and gallery images
sed: can't read scripts/ensemble_config.py: No such file or directory
sed: can't read scripts/ensemble_config.py: No such file or directory
sed: can't read scripts/ensemble_config.py: No such file or directory
fatal: pathspec 'scripts/ensemble_config.py' did not match any files
Author identity unknown

*** Please tell me who you are.

Run

  git config --global user.email "you@example.com"
  git config --global user.name "Your Name"

to set your account's default identity.
Omit --global to set the identity only in this repository.

fatal: unable to auto-detect email address (got 'uno@amd.(none)')
  ❌ Metric evaluation failed
usage: git revert [--[no-]edit] [-n] [-m <parent-number>] [-s] [-S[<keyid>]] <commit>...
   or: git revert (--continue | --skip | --abort | --quit)

    --quit                end revert or cherry-pick sequence
    --continue            resume revert or cherry-pick sequence
    --abort               cancel revert or cherry-pick sequence
    --skip                skip current commit and continue
    --[no-]cleanup <mode> how to strip spaces and #comments from message
    -n, --no-commit       don't automatically commit
    --commit              opposite of --no-commit
    -e, --[no-]edit       edit the commit message
    -s, --[no-]signoff    add a Signed-off-by trailer
    -m, --[no-]mainline <parent-number>
                          select mainline parent
    --[no-]rerere-autoupdate
                          update the index with reused conflict resolution if possible
    --[no-]strategy <strategy>
                          merge strategy
    -X, --[no-]strategy-option <option>
                          option for merge strategy
    -S, --[no-]gpg-sign[=<key-id>]
                          GPG sign commit
    --[no-]reference      use the 'reference' format to refer to commits

=== Iteration 12/30 ===
Last 3 commits:
618c466 Fix face mask apparatus images
0ede02e Rebuild site: add research archive, hardware notes, turbidostat, and favicon
a7539d6 Add OCuLink eGPU home lab post and gallery images
sed: can't read scripts/ensemble_config.py: No such file or directory
sed: can't read scripts/ensemble_config.py: No such file or directory
sed: can't read scripts/ensemble_config.py: No such file or directory
fatal: pathspec 'scripts/ensemble_config.py' did not match any files
Author identity unknown

*** Please tell me who you are.

Run

  git config --global user.email "you@example.com"
  git config --global user.name "Your Name"

to set your account's default identity.
Omit --global to set the identity only in this repository.

fatal: unable to auto-detect email address (got 'uno@amd.(none)')
  ❌ Metric evaluation failed
usage: git revert [--[no-]edit] [-n] [-m <parent-number>] [-s] [-S[<keyid>]] <commit>...
   or: git revert (--continue | --skip | --abort | --quit)

    --quit                end revert or cherry-pick sequence
    --continue            resume revert or cherry-pick sequence
    --abort               cancel revert or cherry-pick sequence
    --skip                skip current commit and continue
    --[no-]cleanup <mode> how to strip spaces and #comments from message
    -n, --no-commit       don't automatically commit
    --commit              opposite of --no-commit
    -e, --[no-]edit       edit the commit message
    -s, --[no-]signoff    add a Signed-off-by trailer
    -m, --[no-]mainline <parent-number>
                          select mainline parent
    --[no-]rerere-autoupdate
                          update the index with reused conflict resolution if possible
    --[no-]strategy <strategy>
                          merge strategy
    -X, --[no-]strategy-option <option>
                          option for merge strategy
    -S, --[no-]gpg-sign[=<key-id>]
                          GPG sign commit
    --[no-]reference      use the 'reference' format to refer to commits

=== Iteration 13/30 ===
Last 3 commits:
618c466 Fix face mask apparatus images
0ede02e Rebuild site: add research archive, hardware notes, turbidostat, and favicon
a7539d6 Add OCuLink eGPU home lab post and gallery images
Traceback (most recent call last):
  File "<stdin>", line 3, in <module>
ModuleNotFoundError: No module named 'ensemble_config'
fatal: pathspec 'scripts/ensemble_config.py' did not match any files
Author identity unknown

*** Please tell me who you are.

Run

  git config --global user.email "you@example.com"
  git config --global user.name "Your Name"

to set your account's default identity.
Omit --global to set the identity only in this repository.

fatal: unable to auto-detect email address (got 'uno@amd.(none)')
  ❌ Metric evaluation failed
usage: git revert [--[no-]edit] [-n] [-m <parent-number>] [-s] [-S[<keyid>]] <commit>...
   or: git revert (--continue | --skip | --abort | --quit)

    --quit                end revert or cherry-pick sequence
    --continue            resume revert or cherry-pick sequence
    --abort               cancel revert or cherry-pick sequence
    --skip                skip current commit and continue
    --[no-]cleanup <mode> how to strip spaces and #comments from message
    -n, --no-commit       don't automatically commit
    --commit              opposite of --no-commit
    -e, --[no-]edit       edit the commit message
    -s, --[no-]signoff    add a Signed-off-by trailer
    -m, --[no-]mainline <parent-number>
                          select mainline parent
    --[no-]rerere-autoupdate
                          update the index with reused conflict resolution if possible
    --[no-]strategy <strategy>
                          merge strategy
    -X, --[no-]strategy-option <option>
                          option for merge strategy
    -S, --[no-]gpg-sign[=<key-id>]
                          GPG sign commit
    --[no-]reference      use the 'reference' format to refer to commits

=== Iteration 14/30 ===
Last 3 commits:
618c466 Fix face mask apparatus images
0ede02e Rebuild site: add research archive, hardware notes, turbidostat, and favicon
a7539d6 Add OCuLink eGPU home lab post and gallery images
sed: can't read scripts/ensemble_config.py: No such file or directory
sed: can't read scripts/ensemble_config.py: No such file or directory
sed: can't read scripts/ensemble_config.py: No such file or directory
fatal: pathspec 'scripts/ensemble_config.py' did not match any files
Author identity unknown

*** Please tell me who you are.

Run

  git config --global user.email "you@example.com"
  git config --global user.name "Your Name"

to set your account's default identity.
Omit --global to set the identity only in this repository.

fatal: unable to auto-detect email address (got 'uno@amd.(none)')
  ❌ Metric evaluation failed
usage: git revert [--[no-]edit] [-n] [-m <parent-number>] [-s] [-S[<keyid>]] <commit>...
   or: git revert (--continue | --skip | --abort | --quit)

    --quit                end revert or cherry-pick sequence
    --continue            resume revert or cherry-pick sequence
    --abort               cancel revert or cherry-pick sequence
    --skip                skip current commit and continue
    --[no-]cleanup <mode> how to strip spaces and #comments from message
    -n, --no-commit       don't automatically commit
    --commit              opposite of --no-commit
    -e, --[no-]edit       edit the commit message
    -s, --[no-]signoff    add a Signed-off-by trailer
    -m, --[no-]mainline <parent-number>
                          select mainline parent
    --[no-]rerere-autoupdate
                          update the index with reused conflict resolution if possible
    --[no-]strategy <strategy>
                          merge strategy
    -X, --[no-]strategy-option <option>
                          option for merge strategy
    -S, --[no-]gpg-sign[=<key-id>]
                          GPG sign commit
    --[no-]reference      use the 'reference' format to refer to commits

=== Iteration 15/30 ===
Last 3 commits:
618c466 Fix face mask apparatus images
0ede02e Rebuild site: add research archive, hardware notes, turbidostat, and favicon
a7539d6 Add OCuLink eGPU home lab post and gallery images
sed: can't read scripts/ensemble_config.py: No such file or directory
sed: can't read scripts/ensemble_config.py: No such file or directory
sed: can't read scripts/ensemble_config.py: No such file or directory
fatal: pathspec 'scripts/ensemble_config.py' did not match any files
Author identity unknown

*** Please tell me who you are.

Run

  git config --global user.email "you@example.com"
  git config --global user.name "Your Name"

to set your account's default identity.
Omit --global to set the identity only in this repository.

fatal: unable to auto-detect email address (got 'uno@amd.(none)')
  ❌ Metric evaluation failed
usage: git revert [--[no-]edit] [-n] [-m <parent-number>] [-s] [-S[<keyid>]] <commit>...
   or: git revert (--continue | --skip | --abort | --quit)

    --quit                end revert or cherry-pick sequence
    --continue            resume revert or cherry-pick sequence
    --abort               cancel revert or cherry-pick sequence
    --skip                skip current commit and continue
    --[no-]cleanup <mode> how to strip spaces and #comments from message
    -n, --no-commit       don't automatically commit
    --commit              opposite of --no-commit
    -e, --[no-]edit       edit the commit message
    -s, --[no-]signoff    add a Signed-off-by trailer
    -m, --[no-]mainline <parent-number>
                          select mainline parent
    --[no-]rerere-autoupdate
                          update the index with reused conflict resolution if possible
    --[no-]strategy <strategy>
                          merge strategy
    -X, --[no-]strategy-option <option>
                          option for merge strategy
    -S, --[no-]gpg-sign[=<key-id>]
                          GPG sign commit
    --[no-]reference      use the 'reference' format to refer to commits

=== Iteration 16/30 ===
Last 3 commits:
618c466 Fix face mask apparatus images
0ede02e Rebuild site: add research archive, hardware notes, turbidostat, and favicon
a7539d6 Add OCuLink eGPU home lab post and gallery images
sed: can't read scripts/ensemble_config.py: No such file or directory
sed: can't read scripts/ensemble_config.py: No such file or directory
sed: can't read scripts/ensemble_config.py: No such file or directory
fatal: pathspec 'scripts/ensemble_config.py' did not match any files
Author identity unknown

*** Please tell me who you are.

Run

  git config --global user.email "you@example.com"
  git config --global user.name "Your Name"

to set your account's default identity.
Omit --global to set the identity only in this repository.

fatal: unable to auto-detect email address (got 'uno@amd.(none)')
  ❌ Metric evaluation failed
usage: git revert [--[no-]edit] [-n] [-m <parent-number>] [-s] [-S[<keyid>]] <commit>...
   or: git revert (--continue | --skip | --abort | --quit)

    --quit                end revert or cherry-pick sequence
    --continue            resume revert or cherry-pick sequence
    --abort               cancel revert or cherry-pick sequence
    --skip                skip current commit and continue
    --[no-]cleanup <mode> how to strip spaces and #comments from message
    -n, --no-commit       don't automatically commit
    --commit              opposite of --no-commit
    -e, --[no-]edit       edit the commit message
    -s, --[no-]signoff    add a Signed-off-by trailer
    -m, --[no-]mainline <parent-number>
                          select mainline parent
    --[no-]rerere-autoupdate
                          update the index with reused conflict resolution if possible
    --[no-]strategy <strategy>
                          merge strategy
    -X, --[no-]strategy-option <option>
                          option for merge strategy
    -S, --[no-]gpg-sign[=<key-id>]
                          GPG sign commit
    --[no-]reference      use the 'reference' format to refer to commits

=== Iteration 17/30 ===
Last 3 commits:
618c466 Fix face mask apparatus images
0ede02e Rebuild site: add research archive, hardware notes, turbidostat, and favicon
a7539d6 Add OCuLink eGPU home lab post and gallery images
sed: can't read scripts/ensemble_config.py: No such file or directory
sed: can't read scripts/ensemble_config.py: No such file or directory
sed: can't read scripts/ensemble_config.py: No such file or directory
fatal: pathspec 'scripts/ensemble_config.py' did not match any files
Author identity unknown

*** Please tell me who you are.

Run

  git config --global user.email "you@example.com"
  git config --global user.name "Your Name"

to set your account's default identity.
Omit --global to set the identity only in this repository.

fatal: unable to auto-detect email address (got 'uno@amd.(none)')
  ❌ Metric evaluation failed
usage: git revert [--[no-]edit] [-n] [-m <parent-number>] [-s] [-S[<keyid>]] <commit>...
   or: git revert (--continue | --skip | --abort | --quit)

    --quit                end revert or cherry-pick sequence
    --continue            resume revert or cherry-pick sequence
    --abort               cancel revert or cherry-pick sequence
    --skip                skip current commit and continue
    --[no-]cleanup <mode> how to strip spaces and #comments from message
    -n, --no-commit       don't automatically commit
    --commit              opposite of --no-commit
    -e, --[no-]edit       edit the commit message
    -s, --[no-]signoff    add a Signed-off-by trailer
    -m, --[no-]mainline <parent-number>
                          select mainline parent
    --[no-]rerere-autoupdate
                          update the index with reused conflict resolution if possible
    --[no-]strategy <strategy>
                          merge strategy
    -X, --[no-]strategy-option <option>
                          option for merge strategy
    -S, --[no-]gpg-sign[=<key-id>]
                          GPG sign commit
    --[no-]reference      use the 'reference' format to refer to commits

=== Iteration 18/30 ===
Last 3 commits:
618c466 Fix face mask apparatus images
0ede02e Rebuild site: add research archive, hardware notes, turbidostat, and favicon
a7539d6 Add OCuLink eGPU home lab post and gallery images
sed: can't read scripts/ensemble_config.py: No such file or directory
sed: can't read scripts/ensemble_config.py: No such file or directory
sed: can't read scripts/ensemble_config.py: No such file or directory
fatal: pathspec 'scripts/ensemble_config.py' did not match any files
Author identity unknown

*** Please tell me who you are.

Run

  git config --global user.email "you@example.com"
  git config --global user.name "Your Name"

to set your account's default identity.
Omit --global to set the identity only in this repository.

fatal: unable to auto-detect email address (got 'uno@amd.(none)')
  ❌ Metric evaluation failed
usage: git revert [--[no-]edit] [-n] [-m <parent-number>] [-s] [-S[<keyid>]] <commit>...
   or: git revert (--continue | --skip | --abort | --quit)

    --quit                end revert or cherry-pick sequence
    --continue            resume revert or cherry-pick sequence
    --abort               cancel revert or cherry-pick sequence
    --skip                skip current commit and continue
    --[no-]cleanup <mode> how to strip spaces and #comments from message
    -n, --no-commit       don't automatically commit
    --commit              opposite of --no-commit
    -e, --[no-]edit       edit the commit message
    -s, --[no-]signoff    add a Signed-off-by trailer
    -m, --[no-]mainline <parent-number>
                          select mainline parent
    --[no-]rerere-autoupdate
                          update the index with reused conflict resolution if possible
    --[no-]strategy <strategy>
                          merge strategy
    -X, --[no-]strategy-option <option>
                          option for merge strategy
    -S, --[no-]gpg-sign[=<key-id>]
                          GPG sign commit
    --[no-]reference      use the 'reference' format to refer to commits

=== Iteration 19/30 ===
Last 3 commits:
618c466 Fix face mask apparatus images
0ede02e Rebuild site: add research archive, hardware notes, turbidostat, and favicon
a7539d6 Add OCuLink eGPU home lab post and gallery images
Traceback (most recent call last):
  File "<stdin>", line 3, in <module>
ModuleNotFoundError: No module named 'ensemble_config'
fatal: pathspec 'scripts/ensemble_config.py' did not match any files
Author identity unknown

*** Please tell me who you are.

Run

  git config --global user.email "you@example.com"
  git config --global user.name "Your Name"

to set your account's default identity.
Omit --global to set the identity only in this repository.

fatal: unable to auto-detect email address (got 'uno@amd.(none)')
  ❌ Metric evaluation failed
usage: git revert [--[no-]edit] [-n] [-m <parent-number>] [-s] [-S[<keyid>]] <commit>...
   or: git revert (--continue | --skip | --abort | --quit)

    --quit                end revert or cherry-pick sequence
    --continue            resume revert or cherry-pick sequence
    --abort               cancel revert or cherry-pick sequence
    --skip                skip current commit and continue
    --[no-]cleanup <mode> how to strip spaces and #comments from message
    -n, --no-commit       don't automatically commit
    --commit              opposite of --no-commit
    -e, --[no-]edit       edit the commit message
    -s, --[no-]signoff    add a Signed-off-by trailer
    -m, --[no-]mainline <parent-number>
                          select mainline parent
    --[no-]rerere-autoupdate
                          update the index with reused conflict resolution if possible
    --[no-]strategy <strategy>
                          merge strategy
    -X, --[no-]strategy-option <option>
                          option for merge strategy
    -S, --[no-]gpg-sign[=<key-id>]
                          GPG sign commit
    --[no-]reference      use the 'reference' format to refer to commits

=== Iteration 20/30 ===
Last 3 commits:
618c466 Fix face mask apparatus images
0ede02e Rebuild site: add research archive, hardware notes, turbidostat, and favicon
a7539d6 Add OCuLink eGPU home lab post and gallery images
sed: can't read scripts/ensemble_config.py: No such file or directory
sed: can't read scripts/ensemble_config.py: No such file or directory
sed: can't read scripts/ensemble_config.py: No such file or directory
fatal: pathspec 'scripts/ensemble_config.py' did not match any files
Author identity unknown

*** Please tell me who you are.

Run

  git config --global user.email "you@example.com"
  git config --global user.name "Your Name"

to set your account's default identity.
Omit --global to set the identity only in this repository.

fatal: unable to auto-detect email address (got 'uno@amd.(none)')
  ❌ Metric evaluation failed
usage: git revert [--[no-]edit] [-n] [-m <parent-number>] [-s] [-S[<keyid>]] <commit>...
   or: git revert (--continue | --skip | --abort | --quit)

    --quit                end revert or cherry-pick sequence
    --continue            resume revert or cherry-pick sequence
    --abort               cancel revert or cherry-pick sequence
    --skip                skip current commit and continue
    --[no-]cleanup <mode> how to strip spaces and #comments from message
    -n, --no-commit       don't automatically commit
    --commit              opposite of --no-commit
    -e, --[no-]edit       edit the commit message
    -s, --[no-]signoff    add a Signed-off-by trailer
    -m, --[no-]mainline <parent-number>
                          select mainline parent
    --[no-]rerere-autoupdate
                          update the index with reused conflict resolution if possible
    --[no-]strategy <strategy>
                          merge strategy
    -X, --[no-]strategy-option <option>
                          option for merge strategy
    -S, --[no-]gpg-sign[=<key-id>]
                          GPG sign commit
    --[no-]reference      use the 'reference' format to refer to commits

=== Iteration 21/30 ===
Last 3 commits:
618c466 Fix face mask apparatus images
0ede02e Rebuild site: add research archive, hardware notes, turbidostat, and favicon
a7539d6 Add OCuLink eGPU home lab post and gallery images
sed: can't read scripts/ensemble_config.py: No such file or directory
sed: can't read scripts/ensemble_config.py: No such file or directory
sed: can't read scripts/ensemble_config.py: No such file or directory
fatal: pathspec 'scripts/ensemble_config.py' did not match any files
Author identity unknown

*** Please tell me who you are.

Run

  git config --global user.email "you@example.com"
  git config --global user.name "Your Name"

to set your account's default identity.
Omit --global to set the identity only in this repository.

fatal: unable to auto-detect email address (got 'uno@amd.(none)')
  ❌ Metric evaluation failed
usage: git revert [--[no-]edit] [-n] [-m <parent-number>] [-s] [-S[<keyid>]] <commit>...
   or: git revert (--continue | --skip | --abort | --quit)

    --quit                end revert or cherry-pick sequence
    --continue            resume revert or cherry-pick sequence
    --abort               cancel revert or cherry-pick sequence
    --skip                skip current commit and continue
    --[no-]cleanup <mode> how to strip spaces and #comments from message
    -n, --no-commit       don't automatically commit
    --commit              opposite of --no-commit
    -e, --[no-]edit       edit the commit message
    -s, --[no-]signoff    add a Signed-off-by trailer
    -m, --[no-]mainline <parent-number>
                          select mainline parent
    --[no-]rerere-autoupdate
                          update the index with reused conflict resolution if possible
    --[no-]strategy <strategy>
                          merge strategy
    -X, --[no-]strategy-option <option>
                          option for merge strategy
    -S, --[no-]gpg-sign[=<key-id>]
                          GPG sign commit
    --[no-]reference      use the 'reference' format to refer to commits

=== Iteration 22/30 ===
Last 3 commits:
618c466 Fix face mask apparatus images
0ede02e Rebuild site: add research archive, hardware notes, turbidostat, and favicon
a7539d6 Add OCuLink eGPU home lab post and gallery images
sed: can't read scripts/ensemble_config.py: No such file or directory
sed: can't read scripts/ensemble_config.py: No such file or directory
sed: can't read scripts/ensemble_config.py: No such file or directory
fatal: pathspec 'scripts/ensemble_config.py' did not match any files
Author identity unknown

*** Please tell me who you are.

Run

  git config --global user.email "you@example.com"
  git config --global user.name "Your Name"

to set your account's default identity.
Omit --global to set the identity only in this repository.

fatal: unable to auto-detect email address (got 'uno@amd.(none)')
  ❌ Metric evaluation failed
usage: git revert [--[no-]edit] [-n] [-m <parent-number>] [-s] [-S[<keyid>]] <commit>...
   or: git revert (--continue | --skip | --abort | --quit)

    --quit                end revert or cherry-pick sequence
    --continue            resume revert or cherry-pick sequence
    --abort               cancel revert or cherry-pick sequence
    --skip                skip current commit and continue
    --[no-]cleanup <mode> how to strip spaces and #comments from message
    -n, --no-commit       don't automatically commit
    --commit              opposite of --no-commit
    -e, --[no-]edit       edit the commit message
    -s, --[no-]signoff    add a Signed-off-by trailer
    -m, --[no-]mainline <parent-number>
                          select mainline parent
    --[no-]rerere-autoupdate
                          update the index with reused conflict resolution if possible
    --[no-]strategy <strategy>
                          merge strategy
    -X, --[no-]strategy-option <option>
                          option for merge strategy
    -S, --[no-]gpg-sign[=<key-id>]
                          GPG sign commit
    --[no-]reference      use the 'reference' format to refer to commits

=== Iteration 23/30 ===
Last 3 commits:
618c466 Fix face mask apparatus images
0ede02e Rebuild site: add research archive, hardware notes, turbidostat, and favicon
a7539d6 Add OCuLink eGPU home lab post and gallery images
sed: can't read scripts/ensemble_config.py: No such file or directory
sed: can't read scripts/ensemble_config.py: No such file or directory
sed: can't read scripts/ensemble_config.py: No such file or directory
fatal: pathspec 'scripts/ensemble_config.py' did not match any files
Author identity unknown

*** Please tell me who you are.

Run

  git config --global user.email "you@example.com"
  git config --global user.name "Your Name"

to set your account's default identity.
Omit --global to set the identity only in this repository.

fatal: unable to auto-detect email address (got 'uno@amd.(none)')
  ❌ Metric evaluation failed
usage: git revert [--[no-]edit] [-n] [-m <parent-number>] [-s] [-S[<keyid>]] <commit>...
   or: git revert (--continue | --skip | --abort | --quit)

    --quit                end revert or cherry-pick sequence
    --continue            resume revert or cherry-pick sequence
    --abort               cancel revert or cherry-pick sequence
    --skip                skip current commit and continue
    --[no-]cleanup <mode> how to strip spaces and #comments from message
    -n, --no-commit       don't automatically commit
    --commit              opposite of --no-commit
    -e, --[no-]edit       edit the commit message
    -s, --[no-]signoff    add a Signed-off-by trailer
    -m, --[no-]mainline <parent-number>
                          select mainline parent
    --[no-]rerere-autoupdate
                          update the index with reused conflict resolution if possible
    --[no-]strategy <strategy>
                          merge strategy
    -X, --[no-]strategy-option <option>
                          option for merge strategy
    -S, --[no-]gpg-sign[=<key-id>]
                          GPG sign commit
    --[no-]reference      use the 'reference' format to refer to commits

=== Iteration 24/30 ===
Last 3 commits:
618c466 Fix face mask apparatus images
0ede02e Rebuild site: add research archive, hardware notes, turbidostat, and favicon
a7539d6 Add OCuLink eGPU home lab post and gallery images
sed: can't read scripts/ensemble_config.py: No such file or directory
sed: can't read scripts/ensemble_config.py: No such file or directory
sed: can't read scripts/ensemble_config.py: No such file or directory
fatal: pathspec 'scripts/ensemble_config.py' did not match any files
Author identity unknown

*** Please tell me who you are.

Run

  git config --global user.email "you@example.com"
  git config --global user.name "Your Name"

to set your account's default identity.
Omit --global to set the identity only in this repository.

fatal: unable to auto-detect email address (got 'uno@amd.(none)')
  ❌ Metric evaluation failed
usage: git revert [--[no-]edit] [-n] [-m <parent-number>] [-s] [-S[<keyid>]] <commit>...
   or: git revert (--continue | --skip | --abort | --quit)

    --quit                end revert or cherry-pick sequence
    --continue            resume revert or cherry-pick sequence
    --abort               cancel revert or cherry-pick sequence
    --skip                skip current commit and continue
    --[no-]cleanup <mode> how to strip spaces and #comments from message
    -n, --no-commit       don't automatically commit
    --commit              opposite of --no-commit
    -e, --[no-]edit       edit the commit message
    -s, --[no-]signoff    add a Signed-off-by trailer
    -m, --[no-]mainline <parent-number>
                          select mainline parent
    --[no-]rerere-autoupdate
                          update the index with reused conflict resolution if possible
    --[no-]strategy <strategy>
                          merge strategy
    -X, --[no-]strategy-option <option>
                          option for merge strategy
    -S, --[no-]gpg-sign[=<key-id>]
                          GPG sign commit
    --[no-]reference      use the 'reference' format to refer to commits

=== Iteration 25/30 ===
Last 3 commits:
618c466 Fix face mask apparatus images
0ede02e Rebuild site: add research archive, hardware notes, turbidostat, and favicon
a7539d6 Add OCuLink eGPU home lab post and gallery images
Traceback (most recent call last):
  File "<stdin>", line 3, in <module>
ModuleNotFoundError: No module named 'ensemble_config'
fatal: pathspec 'scripts/ensemble_config.py' did not match any files
Author identity unknown

*** Please tell me who you are.

Run

  git config --global user.email "you@example.com"
  git config --global user.name "Your Name"

to set your account's default identity.
Omit --global to set the identity only in this repository.

fatal: unable to auto-detect email address (got 'uno@amd.(none)')
  ❌ Metric evaluation failed
usage: git revert [--[no-]edit] [-n] [-m <parent-number>] [-s] [-S[<keyid>]] <commit>...
   or: git revert (--continue | --skip | --abort | --quit)

    --quit                end revert or cherry-pick sequence
    --continue            resume revert or cherry-pick sequence
    --abort               cancel revert or cherry-pick sequence
    --skip                skip current commit and continue
    --[no-]cleanup <mode> how to strip spaces and #comments from message
    -n, --no-commit       don't automatically commit
    --commit              opposite of --no-commit
    -e, --[no-]edit       edit the commit message
    -s, --[no-]signoff    add a Signed-off-by trailer
    -m, --[no-]mainline <parent-number>
                          select mainline parent
    --[no-]rerere-autoupdate
                          update the index with reused conflict resolution if possible
    --[no-]strategy <strategy>
                          merge strategy
    -X, --[no-]strategy-option <option>
                          option for merge strategy
    -S, --[no-]gpg-sign[=<key-id>]
                          GPG sign commit
    --[no-]reference      use the 'reference' format to refer to commits

=== Iteration 26/30 ===
Last 3 commits:
618c466 Fix face mask apparatus images
0ede02e Rebuild site: add research archive, hardware notes, turbidostat, and favicon
a7539d6 Add OCuLink eGPU home lab post and gallery images
sed: can't read scripts/ensemble_config.py: No such file or directory
sed: can't read scripts/ensemble_config.py: No such file or directory
sed: can't read scripts/ensemble_config.py: No such file or directory
fatal: pathspec 'scripts/ensemble_config.py' did not match any files
Author identity unknown

*** Please tell me who you are.

Run

  git config --global user.email "you@example.com"
  git config --global user.name "Your Name"

to set your account's default identity.
Omit --global to set the identity only in this repository.

fatal: unable to auto-detect email address (got 'uno@amd.(none)')
  ❌ Metric evaluation failed
usage: git revert [--[no-]edit] [-n] [-m <parent-number>] [-s] [-S[<keyid>]] <commit>...
   or: git revert (--continue | --skip | --abort | --quit)

    --quit                end revert or cherry-pick sequence
    --continue            resume revert or cherry-pick sequence
    --abort               cancel revert or cherry-pick sequence
    --skip                skip current commit and continue
    --[no-]cleanup <mode> how to strip spaces and #comments from message
    -n, --no-commit       don't automatically commit
    --commit              opposite of --no-commit
    -e, --[no-]edit       edit the commit message
    -s, --[no-]signoff    add a Signed-off-by trailer
    -m, --[no-]mainline <parent-number>
                          select mainline parent
    --[no-]rerere-autoupdate
                          update the index with reused conflict resolution if possible
    --[no-]strategy <strategy>
                          merge strategy
    -X, --[no-]strategy-option <option>
                          option for merge strategy
    -S, --[no-]gpg-sign[=<key-id>]
                          GPG sign commit
    --[no-]reference      use the 'reference' format to refer to commits

=== Iteration 27/30 ===
Last 3 commits:
618c466 Fix face mask apparatus images
0ede02e Rebuild site: add research archive, hardware notes, turbidostat, and favicon
a7539d6 Add OCuLink eGPU home lab post and gallery images
sed: can't read scripts/ensemble_config.py: No such file or directory
sed: can't read scripts/ensemble_config.py: No such file or directory
sed: can't read scripts/ensemble_config.py: No such file or directory
fatal: pathspec 'scripts/ensemble_config.py' did not match any files
Author identity unknown

*** Please tell me who you are.

Run

  git config --global user.email "you@example.com"
  git config --global user.name "Your Name"

to set your account's default identity.
Omit --global to set the identity only in this repository.

fatal: unable to auto-detect email address (got 'uno@amd.(none)')
  ❌ Metric evaluation failed
usage: git revert [--[no-]edit] [-n] [-m <parent-number>] [-s] [-S[<keyid>]] <commit>...
   or: git revert (--continue | --skip | --abort | --quit)

    --quit                end revert or cherry-pick sequence
    --continue            resume revert or cherry-pick sequence
    --abort               cancel revert or cherry-pick sequence
    --skip                skip current commit and continue
    --[no-]cleanup <mode> how to strip spaces and #comments from message
    -n, --no-commit       don't automatically commit
    --commit              opposite of --no-commit
    -e, --[no-]edit       edit the commit message
    -s, --[no-]signoff    add a Signed-off-by trailer
    -m, --[no-]mainline <parent-number>
                          select mainline parent
    --[no-]rerere-autoupdate
                          update the index with reused conflict resolution if possible
    --[no-]strategy <strategy>
                          merge strategy
    -X, --[no-]strategy-option <option>
                          option for merge strategy
    -S, --[no-]gpg-sign[=<key-id>]
                          GPG sign commit
    --[no-]reference      use the 'reference' format to refer to commits

=== Iteration 28/30 ===
Last 3 commits:
618c466 Fix face mask apparatus images
0ede02e Rebuild site: add research archive, hardware notes, turbidostat, and favicon
a7539d6 Add OCuLink eGPU home lab post and gallery images
sed: can't read scripts/ensemble_config.py: No such file or directory
sed: can't read scripts/ensemble_config.py: No such file or directory
sed: can't read scripts/ensemble_config.py: No such file or directory
fatal: pathspec 'scripts/ensemble_config.py' did not match any files
Author identity unknown

*** Please tell me who you are.

Run

  git config --global user.email "you@example.com"
  git config --global user.name "Your Name"

to set your account's default identity.
Omit --global to set the identity only in this repository.

fatal: unable to auto-detect email address (got 'uno@amd.(none)')
  ❌ Metric evaluation failed
usage: git revert [--[no-]edit] [-n] [-m <parent-number>] [-s] [-S[<keyid>]] <commit>...
   or: git revert (--continue | --skip | --abort | --quit)

    --quit                end revert or cherry-pick sequence
    --continue            resume revert or cherry-pick sequence
    --abort               cancel revert or cherry-pick sequence
    --skip                skip current commit and continue
    --[no-]cleanup <mode> how to strip spaces and #comments from message
    -n, --no-commit       don't automatically commit
    --commit              opposite of --no-commit
    -e, --[no-]edit       edit the commit message
    -s, --[no-]signoff    add a Signed-off-by trailer
    -m, --[no-]mainline <parent-number>
                          select mainline parent
    --[no-]rerere-autoupdate
                          update the index with reused conflict resolution if possible
    --[no-]strategy <strategy>
                          merge strategy
    -X, --[no-]strategy-option <option>
                          option for merge strategy
    -S, --[no-]gpg-sign[=<key-id>]
                          GPG sign commit
    --[no-]reference      use the 'reference' format to refer to commits

=== Iteration 29/30 ===
Last 3 commits:
618c466 Fix face mask apparatus images
0ede02e Rebuild site: add research archive, hardware notes, turbidostat, and favicon
a7539d6 Add OCuLink eGPU home lab post and gallery images
sed: can't read scripts/ensemble_config.py: No such file or directory
sed: can't read scripts/ensemble_config.py: No such file or directory
sed: can't read scripts/ensemble_config.py: No such file or directory
fatal: pathspec 'scripts/ensemble_config.py' did not match any files
Author identity unknown

*** Please tell me who you are.

Run

  git config --global user.email "you@example.com"
  git config --global user.name "Your Name"

to set your account's default identity.
Omit --global to set the identity only in this repository.

fatal: unable to auto-detect email address (got 'uno@amd.(none)')
  ❌ Metric evaluation failed
usage: git revert [--[no-]edit] [-n] [-m <parent-number>] [-s] [-S[<keyid>]] <commit>...
   or: git revert (--continue | --skip | --abort | --quit)

    --quit                end revert or cherry-pick sequence
    --continue            resume revert or cherry-pick sequence
    --abort               cancel revert or cherry-pick sequence
    --skip                skip current commit and continue
    --[no-]cleanup <mode> how to strip spaces and #comments from message
    -n, --no-commit       don't automatically commit
    --commit              opposite of --no-commit
    -e, --[no-]edit       edit the commit message
    -s, --[no-]signoff    add a Signed-off-by trailer
    -m, --[no-]mainline <parent-number>
                          select mainline parent
    --[no-]rerere-autoupdate
                          update the index with reused conflict resolution if possible
    --[no-]strategy <strategy>
                          merge strategy
    -X, --[no-]strategy-option <option>
                          option for merge strategy
    -S, --[no-]gpg-sign[=<key-id>]
                          GPG sign commit
    --[no-]reference      use the 'reference' format to refer to commits

=== Iteration 30/30 ===
Last 3 commits:
618c466 Fix face mask apparatus images
0ede02e Rebuild site: add research archive, hardware notes, turbidostat, and favicon
a7539d6 Add OCuLink eGPU home lab post and gallery images
sed: can't read scripts/ensemble_config.py: No such file or directory
sed: can't read scripts/ensemble_config.py: No such file or directory
sed: can't read scripts/ensemble_config.py: No such file or directory
fatal: pathspec 'scripts/ensemble_config.py' did not match any files
Author identity unknown

*** Please tell me who you are.

Run

  git config --global user.email "you@example.com"
  git config --global user.name "Your Name"

to set your account's default identity.
Omit --global to set the identity only in this repository.

fatal: unable to auto-detect email address (got 'uno@amd.(none)')
  ❌ Metric evaluation failed
usage: git revert [--[no-]edit] [-n] [-m <parent-number>] [-s] [-S[<keyid>]] <commit>...
   or: git revert (--continue | --skip | --abort | --quit)

    --quit                end revert or cherry-pick sequence
    --continue            resume revert or cherry-pick sequence
    --abort               cancel revert or cherry-pick sequence
    --skip                skip current commit and continue
    --[no-]cleanup <mode> how to strip spaces and #comments from message
    -n, --no-commit       don't automatically commit
    --commit              opposite of --no-commit
    -e, --[no-]edit       edit the commit message
    -s, --[no-]signoff    add a Signed-off-by trailer
    -m, --[no-]mainline <parent-number>
                          select mainline parent
    --[no-]rerere-autoupdate
                          update the index with reused conflict resolution if possible
    --[no-]strategy <strategy>
                          merge strategy
    -X, --[no-]strategy-option <option>
                          option for merge strategy
    -S, --[no-]gpg-sign[=<key-id>]
                          GPG sign commit
    --[no-]reference      use the 'reference' format to refer to commits


========================================
AUTORESEARCH COMPLETE
========================================
Baseline:    21.307 RMSE
Final:       21.307230561361365 RMSE
Best:        metric RMSE
Improvement: 100%
Kept:        0/30

Results: autoresearch/loop-260608-1217/loop-results.tsv
